ERROR [main] portico.lrc: Error opening fed file from [file:/D:/WorkSpace/Simu/memberB/x64/Debug/testfom.fed]: D:\WorkSpace\Simu\memberB\x64\Debug\testfom.fed (系统找不到指定的文件。)
org.portico.lrc.compat.JCouldNotOpenFED: Error opening fed file from [file:/D:/WorkSpace/Simu/memberB/x64/Debug/testfom.fed]: D:\WorkSpace\Simu\memberB\x64\Debug\testfom.fed (系统找不到指定的文件。)
	at org.portico.utils.fom.FomParser.openStream(FomParser.java:132)
	at org.portico.utils.fom.FomParser.parseFom(FomParser.java:62)
	at org.portico.utils.fom.FomParser.parse(FomParser.java:159)
	at org.portico.lrc.services.federation.handlers.outgoing.CreateFederationHandler.process(CreateFederationHandler.java:65)
	at org.portico.utils.messaging.MessageSink.process(MessageSink.java:187)
	at org.portico.impl.hla13.Impl13Helper.processMessage(Impl13Helper.java:123)
	at org.portico.impl.hla13.Rti13Ambassador.processMessage(Rti13Ambassador.java:5822)
	at org.portico.impl.hla13.Rti13Ambassador.createFederationExecution(Rti13Ambassador.java:194)
	at org.portico.impl.cpp13.ProxyRtiAmbassador.createFederationExecution(ProxyRtiAmbassador.java:186)
Caused by: java.io.FileNotFoundException: D:\WorkSpace\Simu\memberB\x64\Debug\testfom.fed (系统找不到指定的文件。)
	at java.io.FileInputStream.open0(Native Method)
	at java.io.FileInputStream.open(FileInputStream.java:195)
	at java.io.FileInputStream.<init>(FileInputStream.java:138)
	at java.io.FileInputStream.<init>(FileInputStream.java:93)
	at sun.net.www.protocol.file.FileURLConnection.connect(FileURLConnection.java:90)
	at sun.net.www.protocol.file.FileURLConnection.getInputStream(FileURLConnection.java:188)
	at java.net.URL.openStream(URL.java:1038)
	at org.portico.utils.fom.FomParser.openStream(FomParser.java:127)
	... 8 more
